interstitialSample/build/intermediates/manifest_merge_blame_file/debug/manifest-merger-blame-debug-report.txt
1<?xml version="1.0" encoding="utf-8"?>
2<manifest xmlns:android="http://schemas.android.com/apk/res/android"
3    package="com.inmobi.interstitial.sample"
4    android:versionCode="1"
5    android:versionName="1.0.0" >
6
7    <uses-sdk
8        android:minSdkVersion="15"
8-->src/main/AndroidManifest.xml
9        android:targetSdkVersion="24" />
9-->src/main/AndroidManifest.xml
10
11    <uses-permission android:name="android.permission.INTERNET" />
11-->src/main/AndroidManifest.xml:6:5-66
11-->src/main/AndroidManifest.xml:6:22-64
12    <uses-permission android:name="android.permission.ACCESS_NETWORK_STATE" />
12-->src/main/AndroidManifest.xml:7:5-78
12-->src/main/AndroidManifest.xml:7:22-76
13    <uses-permission android:name="android.permission.ACCESS_FINE_LOCATION" />
13-->src/main/AndroidManifest.xml:8:5-78
13-->src/main/AndroidManifest.xml:8:22-76
14    <uses-permission android:name="android.permission.ACCESS_WIFI_STATE" />
14-->src/main/AndroidManifest.xml:9:5-75
14-->src/main/AndroidManifest.xml:9:22-73
15    <uses-permission android:name="android.permission.CHANGE_WIFI_STATE" />
15-->src/main/AndroidManifest.xml:10:5-75
15-->src/main/AndroidManifest.xml:10:22-73
16    <uses-permission android:name="android.permission.VIBRATE" />
16-->src/main/AndroidManifest.xml:11:5-65
16-->src/main/AndroidManifest.xml:11:22-63
17    <!-- <uses-permission android:name="com.google.android.gms.permission.ACTIVITY_RECOGNITION"/> -->
18    <uses-permission android:name="android.permission.READ_CALENDAR" />
18-->src/main/AndroidManifest.xml:13:5-71
18-->src/main/AndroidManifest.xml:13:22-69
19    <uses-permission android:name="android.permission.WRITE_CALENDAR" />
19-->src/main/AndroidManifest.xml:14:5-72
19-->src/main/AndroidManifest.xml:14:22-70
20    <uses-permission android:name="android.permission.WRITE_EXTERNAL_STORAGE" />
20-->src/main/AndroidManifest.xml:15:5-80
20-->src/main/AndroidManifest.xml:15:22-78
21    <uses-permission android:name="android.permission.READ_PHONE_STATE" />
21-->src/main/AndroidManifest.xml:16:5-74
21-->src/main/AndroidManifest.xml:16:22-72
22    <uses-permission android:name="com.asus.msa.SupplementaryDID.ACCESS" />
22-->[msa_mdid_1.0.13.aar] AndroidManifest.xml:8:5-76
22-->[msa_mdid_1.0.13.aar] AndroidManifest.xml:8:22-73
23    <uses-permission android:name="android.permission.READ_EXTERNAL_STORAGE" /> <!-- Permissions required for GCM -->
24    <uses-permission android:name="com.google.android.c2dm.permission.RECEIVE" />
24-->[com.google.android.gms:play-services-gcm:8.4.0] AndroidManifest.xml:21:5-82
24-->[com.google.android.gms:play-services-gcm:8.4.0] AndroidManifest.xml:21:22-79
25
26    <uses-feature
26-->[com.google.android.gms:play-services-maps:8.4.0] AndroidManifest.xml:22:5-24:33
27        android:glEsVersion="0x00020000"
27-->[com.google.android.gms:play-services-maps:8.4.0] AndroidManifest.xml:23:8-40
28        android:required="true" /> <!-- Optional permission for App measurement to run. -->
28-->[com.google.android.gms:play-services-maps:8.4.0] AndroidManifest.xml:24:8-31
29    <uses-permission android:name="android.permission.WAKE_LOCK" />
29-->[com.google.android.gms:play-services-measurement:8.4.0] AndroidManifest.xml:24:5-67
29-->[com.google.android.gms:play-services-measurement:8.4.0] AndroidManifest.xml:24:22-65
30
31    <application
31-->src/main/AndroidManifest.xml:18:5-54:19
32        android:name="android.support.multidex.MultiDexApplication"
32-->src/main/AndroidManifest.xml:22:13-72
33        android:allowBackup="true"
33-->src/main/AndroidManifest.xml:19:13-39
34        android:debuggable="true"
35        android:icon="@drawable/icon"
35-->src/main/AndroidManifest.xml:20:13-42
36        android:label="@string/app_name"
36-->src/main/AndroidManifest.xml:21:13-45
37        android:testOnly="true"
38        android:theme="@style/AppTheme" >
38-->src/main/AndroidManifest.xml:23:13-44
39        <activity
39-->src/main/AndroidManifest.xml:26:9-36:20
40            android:name="com.inmobi.interstitial.sample.InterstitialAdsActivity"
40-->src/main/AndroidManifest.xml:27:17-56
41            android:configChanges="keyboardHidden|orientation|keyboard|smallestScreenSize|screenSize|screenLayout"
41-->src/main/AndroidManifest.xml:30:17-119
42            android:label="@string/app_name"
42-->src/main/AndroidManifest.xml:28:17-49
43            android:screenOrientation="portrait" >
43-->src/main/AndroidManifest.xml:31:17-53
44            <intent-filter>
44-->src/main/AndroidManifest.xml:32:13-35:29
45                <action android:name="android.intent.action.MAIN" />
45-->src/main/AndroidManifest.xml:33:17-68
45-->src/main/AndroidManifest.xml:33:25-66
46
47                <category android:name="android.intent.category.LAUNCHER" />
47-->src/main/AndroidManifest.xml:34:17-76
47-->src/main/AndroidManifest.xml:34:27-74
48            </intent-filter>
49        </activity>
50        <activity
50-->src/main/AndroidManifest.xml:38:9-44:49
51            android:name="com.inmobi.rendering.InMobiAdActivity"
51-->src/main/AndroidManifest.xml:39:17-69
52            android:configChanges="keyboardHidden|orientation|keyboard|smallestScreenSize|screenSize|screenLayout"
52-->src/main/AndroidManifest.xml:40:17-119
53            android:hardwareAccelerated="true"
53-->src/main/AndroidManifest.xml:42:17-51
54            android:resizeableActivity="false"
54-->src/main/AndroidManifest.xml:41:17-51
55            android:theme="@android:style/Theme.NoTitleBar" />
55-->src/main/AndroidManifest.xml:43:17-64
56
57        <service
57-->src/main/AndroidManifest.xml:46:9-48:37
58            android:name="com.inmobi.ads.ApkDownloader$ApkDownloadService"
58-->src/main/AndroidManifest.xml:47:13-75
59            android:enabled="true" />
59-->src/main/AndroidManifest.xml:48:13-35
60
61        <!-- <meta-data -->
62        <!-- android:name="com.google.android.gms.version" -->
63        <!-- android:value="@integer/google_play_services_version"/> -->
64
65
66        <!-- Include the AdActivity and InAppPurchaseActivity configChanges and themes. -->
67        <activity
67-->[com.google.android.gms:play-services-ads:8.4.0] AndroidManifest.xml:26:9-29:64
68            android:name="com.google.android.gms.ads.AdActivity"
68-->[com.google.android.gms:play-services-ads:8.4.0] AndroidManifest.xml:27:13-65
69            android:configChanges="keyboard|keyboardHidden|orientation|screenLayout|uiMode|screenSize|smallestScreenSize"
69-->[com.google.android.gms:play-services-ads:8.4.0] AndroidManifest.xml:28:13-122
70            android:theme="@android:style/Theme.Translucent" />
70-->[com.google.android.gms:play-services-ads:8.4.0] AndroidManifest.xml:29:13-61
71        <activity
71-->[com.google.android.gms:play-services-ads:8.4.0] AndroidManifest.xml:30:9-31:52
72            android:name="com.google.android.gms.ads.purchase.InAppPurchaseActivity"
72-->[com.google.android.gms:play-services-ads:8.4.0] AndroidManifest.xml:30:19-91
73            android:theme="@style/Theme.IAPTheme" />
73-->[com.google.android.gms:play-services-ads:8.4.0] AndroidManifest.xml:31:13-50
74        <activity
74-->[com.google.android.gms:play-services-appinvite:8.4.0] AndroidManifest.xml:21:9-29:20
75            android:name="com.google.android.gms.appinvite.PreviewActivity"
75-->[com.google.android.gms:play-services-appinvite:8.4.0] AndroidManifest.xml:22:17-48
76            android:exported="true"
76-->[com.google.android.gms:play-services-appinvite:8.4.0] AndroidManifest.xml:23:17-40
77            android:theme="@style/Theme.AppInvite.Preview" >
77-->[com.google.android.gms:play-services-appinvite:8.4.0] AndroidManifest.xml:24:17-63
78            <intent-filter>
78-->[com.google.android.gms:play-services-appinvite:8.4.0] AndroidManifest.xml:25:13-28:29
79                <action android:name="com.google.android.gms.appinvite.ACTION_PREVIEW" />
79-->[com.google.android.gms:play-services-appinvite:8.4.0] AndroidManifest.xml:26:17-89
79-->[com.google.android.gms:play-services-appinvite:8.4.0] AndroidManifest.xml:26:25-87
80
81                <category android:name="android.intent.category.DEFAULT" />
81-->[com.google.android.gms:play-services-appinvite:8.4.0] AndroidManifest.xml:27:17-75
81-->[com.google.android.gms:play-services-appinvite:8.4.0] AndroidManifest.xml:27:27-73
82            </intent-filter>
83        </activity>
84        <activity
84-->[com.google.android.gms:play-services-auth:8.4.0] AndroidManifest.xml:21:9-24:46
85            android:name="com.google.android.gms.auth.api.signin.internal.SignInHubActivity"
85-->[com.google.android.gms:play-services-auth:8.4.0] AndroidManifest.xml:21:19-72
86            android:excludeFromRecents="true"
86-->[com.google.android.gms:play-services-auth:8.4.0] AndroidManifest.xml:23:19-52
87            android:exported="false"
87-->[com.google.android.gms:play-services-auth:8.4.0] AndroidManifest.xml:24:19-43
88            android:theme="@android:style/Theme.Translucent.NoTitleBar" />
88-->[com.google.android.gms:play-services-auth:8.4.0] AndroidManifest.xml:22:19-78
89        <!--
90Service handling Google Sign-In user revocation. For apps that do not integrate with
91            Google Sign-In, this service will never be started.
92        -->
93        <service
93-->[com.google.android.gms:play-services-auth:8.4.0] AndroidManifest.xml:28:9-31:110
94            android:name="com.google.android.gms.auth.api.signin.RevocationBoundService"
94-->[com.google.android.gms:play-services-auth:8.4.0] AndroidManifest.xml:29:13-62
95            android:exported="true"
95-->[com.google.android.gms:play-services-auth:8.4.0] AndroidManifest.xml:30:13-36
96            android:permission="com.google.android.gms.auth.api.signin.permission.REVOCATION_NOTIFICATION" />
96-->[com.google.android.gms:play-services-auth:8.4.0] AndroidManifest.xml:31:13-107
97
98        <provider
98-->[com.google.android.gms:play-services-measurement:8.4.0] AndroidManifest.xml:28:7-31:37
99            android:name="com.google.android.gms.measurement.AppMeasurementContentProvider"
99-->[com.google.android.gms:play-services-measurement:8.4.0] AndroidManifest.xml:30:11-90
100            android:authorities="com.inmobi.interstitial.sample.google_measurement_service"
100-->[com.google.android.gms:play-services-measurement:8.4.0] AndroidManifest.xml:29:11-76
101            android:exported="false" />
101-->[com.google.android.gms:play-services-measurement:8.4.0] AndroidManifest.xml:31:11-35
102
103        <receiver
103-->[com.google.android.gms:play-services-measurement:8.4.0] AndroidManifest.xml:33:7-39:18
104            android:name="com.google.android.gms.measurement.AppMeasurementReceiver"
104-->[com.google.android.gms:play-services-measurement:8.4.0] AndroidManifest.xml:34:11-83
105            android:enabled="true" >
105-->[com.google.android.gms:play-services-measurement:8.4.0] AndroidManifest.xml:35:11-33
106            <intent-filter>
106-->[com.google.android.gms:play-services-measurement:8.4.0] AndroidManifest.xml:36:9-38:25
107                <action android:name="com.google.android.gms.measurement.UPLOAD" />
107-->[com.google.android.gms:play-services-measurement:8.4.0] AndroidManifest.xml:37:11-77
107-->[com.google.android.gms:play-services-measurement:8.4.0] AndroidManifest.xml:37:19-75
108            </intent-filter>
109        </receiver>
110
111        <service
111-->[com.google.android.gms:play-services-measurement:8.4.0] AndroidManifest.xml:41:7-44:37
112            android:name="com.google.android.gms.measurement.AppMeasurementService"
112-->[com.google.android.gms:play-services-measurement:8.4.0] AndroidManifest.xml:42:11-82
113            android:enabled="true"
113-->[com.google.android.gms:play-services-measurement:8.4.0] AndroidManifest.xml:43:11-33
114            android:exported="false" />
114-->[com.google.android.gms:play-services-measurement:8.4.0] AndroidManifest.xml:44:11-35
115
116        <meta-data
116-->[com.google.android.gms:play-services-basement:8.4.0] AndroidManifest.xml:21:9-23:69
117            android:name="com.google.android.gms.version"
117-->[com.google.android.gms:play-services-basement:8.4.0] AndroidManifest.xml:22:13-58
118            android:value="@integer/google_play_services_version" />
118-->[com.google.android.gms:play-services-basement:8.4.0] AndroidManifest.xml:23:13-66
119    </application>
120
121</manifest>